This is pdfTeX, Version 3.141592653-2.6-1.40.24 (TeX Live 2022) (preloaded format=pdflatex 2022.5.27)  13 SEP 2022 12:51
entering extended mode
 restricted \write18 enabled.
 %&-line parsing enabled.
**document2.tex
(./document2.tex
LaTeX2e <2021-11-15> patch level 1
L3 programming layer <2022-05-04>
(c:/texlive/2022/texmf-dist/tex/latex/base/article.cls
Document Class: article 2021/10/04 v1.4n Standard LaTeX document class
(c:/texlive/2022/texmf-dist/tex/latex/base/size10.clo
File: size10.clo 2021/10/04 v1.4n Standard LaTeX file (size option)
)
\c@part=\count185
\c@section=\count186
\c@subsection=\count187
\c@subsubsection=\count188
\c@paragraph=\count189
\c@subparagraph=\count190
\c@figure=\count191
\c@table=\count192
\abovecaptionskip=\skip47
\belowcaptionskip=\skip48
\bibindent=\dimen138
)
(c:/texlive/2022/texmf-dist/tex/latex/lipsum/lipsum.sty
(c:/texlive/2022/texmf-dist/tex/latex/l3packages/l3keys2e/l3keys2e.sty
(c:/texlive/2022/texmf-dist/tex/latex/l3kernel/expl3.sty
Package: expl3 2022-05-04 L3 programming layer (loader) 

(c:/texlive/2022/texmf-dist/tex/latex/l3backend/l3backend-pdftex.def
File: l3backend-pdftex.def 2022-04-20 L3 backend support: PDF output (pdfTeX)
\l__color_backend_stack_int=\count193
\l__pdf_internal_box=\box50
))
Package: l3keys2e 2022-01-12 LaTeX2e option processing using LaTeX3 keys
)
Package: lipsum 2021-09-20 v2.7 150 paragraphs of Lorem Ipsum dummy text
\g__lipsum_par_int=\count194
\l__lipsum_a_int=\count195
\l__lipsum_b_int=\count196

(c:/texlive/2022/texmf-dist/tex/latex/lipsum/lipsum.ltd.tex))
(c:/texlive/2022/texmf-dist/tex/generic/babel/babel.sty
Package: babel 2022/05/22 3.75 The Babel package
\babel@savecnt=\count197
\U@D=\dimen139
\l@unhyphenated=\language87

(c:/texlive/2022/texmf-dist/tex/generic/babel/txtbabel.def)
\bbl@readstream=\read2
\bbl@dirlevel=\count198
Package babel Info: You haven't specified a language. I'll use 'nil'
(babel)             as the main language. Reported on input line 4360.

(c:/texlive/2022/texmf-dist/tex/generic/babel/nil.ldf
Language: nil 2022/05/22 3.75 Nil language
\l@nil=\language88
))
(c:/texlive/2022/texmf-dist/tex/latex/xcolor/xcolor.sty
Package: xcolor 2021/10/31 v2.13 LaTeX color extensions (UK)

(c:/texlive/2022/texmf-dist/tex/latex/graphics-cfg/color.cfg
File: color.cfg 2016/01/02 v1.6 sample color configuration
)
Package xcolor Info: Driver file: pdftex.def on input line 227.

(c:/texlive/2022/texmf-dist/tex/latex/graphics-def/pdftex.def
File: pdftex.def 2020/10/05 v1.2a Graphics/color driver for pdftex
)
Package xcolor Info: Model `cmy' substituted by `cmy0' on input line 1352.
Package xcolor Info: Model `hsb' substituted by `rgb' on input line 1356.
Package xcolor Info: Model `RGB' extended on input line 1368.
Package xcolor Info: Model `HTML' substituted by `rgb' on input line 1370.
Package xcolor Info: Model `Hsb' substituted by `hsb' on input line 1371.
Package xcolor Info: Model `tHsb' substituted by `hsb' on input line 1372.
Package xcolor Info: Model `HSB' substituted by `hsb' on input line 1373.
Package xcolor Info: Model `Gray' substituted by `gray' on input line 1374.
Package xcolor Info: Model `wave' substituted by `hsb' on input line 1375.
)
(c:/texlive/2022/texmf-dist/tex/latex/geometry/geometry.sty
Package: geometry 2020/01/02 v5.9 Page Geometry

(c:/texlive/2022/texmf-dist/tex/latex/graphics/keyval.sty
Package: keyval 2014/10/28 v1.15 key=value parser (DPC)
\KV@toks@=\toks16
)
(c:/texlive/2022/texmf-dist/tex/generic/iftex/ifvtex.sty
Package: ifvtex 2019/10/25 v1.7 ifvtex legacy package. Use iftex instead.

(c:/texlive/2022/texmf-dist/tex/generic/iftex/iftex.sty
Package: iftex 2022/02/03 v1.0f TeX engine tests
))
\Gm@cnth=\count199
\Gm@cntv=\count266
\c@Gm@tempcnt=\count267
\Gm@bindingoffset=\dimen140
\Gm@wd@mp=\dimen141
\Gm@odd@mp=\dimen142
\Gm@even@mp=\dimen143
\Gm@layoutwidth=\dimen144
\Gm@layoutheight=\dimen145
\Gm@layouthoffset=\dimen146
\Gm@layoutvoffset=\dimen147
\Gm@dimlist=\toks17
)
(c:/texlive/2022/texmf-dist/tex/latex/fancyhdr/fancyhdr.sty
Package: fancyhdr 2022/05/18 v4.0.3 Extensive control of page headers and foote
rs
\f@nch@headwidth=\skip49
\f@nch@O@elh=\skip50
\f@nch@O@erh=\skip51
\f@nch@O@olh=\skip52
\f@nch@O@orh=\skip53
\f@nch@O@elf=\skip54
\f@nch@O@erf=\skip55
\f@nch@O@olf=\skip56
\f@nch@O@orf=\skip57
)
(c:/texlive/2022/texmf-dist/tex/latex/hyperref/hyperref.sty
Package: hyperref 2022-05-17 v7.00q Hypertext links for LaTeX

(c:/texlive/2022/texmf-dist/tex/generic/ltxcmds/ltxcmds.sty
Package: ltxcmds 2020-05-10 v1.25 LaTeX kernel commands for general use (HO)
)
(c:/texlive/2022/texmf-dist/tex/generic/pdftexcmds/pdftexcmds.sty
Package: pdftexcmds 2020-06-27 v0.33 Utility functions of pdfTeX for LuaTeX (HO
)

(c:/texlive/2022/texmf-dist/tex/generic/infwarerr/infwarerr.sty
Package: infwarerr 2019/12/03 v1.5 Providing info/warning/error messages (HO)
)
Package pdftexcmds Info: \pdf@primitive is available.
Package pdftexcmds Info: \pdf@ifprimitive is available.
Package pdftexcmds Info: \pdfdraftmode found.
)
(c:/texlive/2022/texmf-dist/tex/generic/kvsetkeys/kvsetkeys.sty
Package: kvsetkeys 2019/12/15 v1.18 Key value parser (HO)
)
(c:/texlive/2022/texmf-dist/tex/generic/kvdefinekeys/kvdefinekeys.sty
Package: kvdefinekeys 2019-12-19 v1.6 Define keys (HO)
)
(c:/texlive/2022/texmf-dist/tex/generic/pdfescape/pdfescape.sty
Package: pdfescape 2019/12/09 v1.15 Implements pdfTeX's escape features (HO)
)
(c:/texlive/2022/texmf-dist/tex/latex/hycolor/hycolor.sty
Package: hycolor 2020-01-27 v1.10 Color options for hyperref/bookmark (HO)
)
(c:/texlive/2022/texmf-dist/tex/latex/letltxmacro/letltxmacro.sty
Package: letltxmacro 2019/12/03 v1.6 Let assignment for LaTeX macros (HO)
)
(c:/texlive/2022/texmf-dist/tex/latex/auxhook/auxhook.sty
Package: auxhook 2019-12-17 v1.6 Hooks for auxiliary files (HO)
)
(c:/texlive/2022/texmf-dist/tex/latex/hyperref/nameref.sty
Package: nameref 2022-05-17 v2.50 Cross-referencing by name of section

(c:/texlive/2022/texmf-dist/tex/latex/refcount/refcount.sty
Package: refcount 2019/12/15 v3.6 Data extraction from label references (HO)
)
(c:/texlive/2022/texmf-dist/tex/generic/gettitlestring/gettitlestring.sty
Package: gettitlestring 2019/12/15 v1.6 Cleanup title references (HO)

(c:/texlive/2022/texmf-dist/tex/latex/kvoptions/kvoptions.sty
Package: kvoptions 2020-10-07 v3.14 Key value format for package options (HO)
))
\c@section@level=\count268
)
\@linkdim=\dimen148
\Hy@linkcounter=\count269
\Hy@pagecounter=\count270

(c:/texlive/2022/texmf-dist/tex/latex/hyperref/pd1enc.def
File: pd1enc.def 2022-05-17 v7.00q Hyperref: PDFDocEncoding definition (HO)
Now handling font encoding PD1 ...
... no UTF-8 mapping file for font encoding PD1
)
(c:/texlive/2022/texmf-dist/tex/generic/intcalc/intcalc.sty
Package: intcalc 2019/12/15 v1.3 Expandable calculations with integers (HO)
)
(c:/texlive/2022/texmf-dist/tex/generic/etexcmds/etexcmds.sty
Package: etexcmds 2019/12/15 v1.7 Avoid name clashes with e-TeX commands (HO)
)
\Hy@SavedSpaceFactor=\count271

(c:/texlive/2022/texmf-dist/tex/latex/hyperref/puenc.def
File: puenc.def 2022-05-17 v7.00q Hyperref: PDF Unicode definition (HO)
Now handling font encoding PU ...
... no UTF-8 mapping file for font encoding PU
)
Package hyperref Info: Hyper figures OFF on input line 4139.
Package hyperref Info: Link nesting OFF on input line 4144.
Package hyperref Info: Hyper index ON on input line 4147.
Package hyperref Info: Plain pages OFF on input line 4154.
Package hyperref Info: Backreferencing OFF on input line 4159.
Package hyperref Info: Implicit mode ON; LaTeX internals redefined.
Package hyperref Info: Bookmarks ON on input line 4385.
\c@Hy@tempcnt=\count272

(c:/texlive/2022/texmf-dist/tex/latex/url/url.sty
\Urlmuskip=\muskip16
Package: url 2013/09/16  ver 3.4  Verb mode for urls, etc.
)
LaTeX Info: Redefining \url on input line 4723.
\XeTeXLinkMargin=\dimen149

(c:/texlive/2022/texmf-dist/tex/generic/bitset/bitset.sty
Package: bitset 2019/12/09 v1.3 Handle bit-vector datatype (HO)

(c:/texlive/2022/texmf-dist/tex/generic/bigintcalc/bigintcalc.sty
Package: bigintcalc 2019/12/15 v1.5 Expandable calculations on big integers (HO
)
))
\Fld@menulength=\count273
\Field@Width=\dimen150
\Fld@charsize=\dimen151
Package hyperref Info: Hyper figures OFF on input line 6001.
Package hyperref Info: Link nesting OFF on input line 6006.
Package hyperref Info: Hyper index ON on input line 6009.
Package hyperref Info: backreferencing OFF on input line 6016.
Package hyperref Info: Link coloring OFF on input line 6021.
Package hyperref Info: Link coloring with OCG OFF on input line 6026.
Package hyperref Info: PDF/A mode OFF on input line 6031.
LaTeX Info: Redefining \ref on input line 6078.
LaTeX Info: Redefining \pageref on input line 6078.

(c:/texlive/2022/texmf-dist/tex/latex/base/atbegshi-ltx.sty
Package: atbegshi-ltx 2021/01/10 v1.0c Emulation of the original atbegshi
package with kernel methods
)
\Hy@abspage=\count274
\c@Item=\count275
\c@Hfootnote=\count276
)
Package hyperref Info: Driver (autodetected): hpdftex.

(c:/texlive/2022/texmf-dist/tex/latex/hyperref/hpdftex.def
File: hpdftex.def 2022-05-17 v7.00q Hyperref driver for pdfTeX

(c:/texlive/2022/texmf-dist/tex/latex/base/atveryend-ltx.sty
Package: atveryend-ltx 2020/08/19 v1.0a Emulation of the original atveryend pac
kage
with kernel methods
)
\Fld@listcount=\count277
\c@bookmark@seq@number=\count278

(c:/texlive/2022/texmf-dist/tex/latex/rerunfilecheck/rerunfilecheck.sty
Package: rerunfilecheck 2019/12/05 v1.9 Rerun checks for auxiliary files (HO)

(c:/texlive/2022/texmf-dist/tex/generic/uniquecounter/uniquecounter.sty
Package: uniquecounter 2019/12/15 v1.4 Provide unlimited unique counter (HO)
)
Package uniquecounter Info: New unique counter `rerunfilecheck' on input line 2
86.
)
\Hy@SectionHShift=\skip58
)
(./document2.aux)
\openout1 = `document2.aux'.

LaTeX Font Info:    Checking defaults for OML/cmm/m/it on input line 25.
LaTeX Font Info:    ... okay on input line 25.
LaTeX Font Info:    Checking defaults for OMS/cmsy/m/n on input line 25.
LaTeX Font Info:    ... okay on input line 25.
LaTeX Font Info:    Checking defaults for OT1/cmr/m/n on input line 25.
LaTeX Font Info:    ... okay on input line 25.
LaTeX Font Info:    Checking defaults for T1/cmr/m/n on input line 25.
LaTeX Font Info:    ... okay on input line 25.
LaTeX Font Info:    Checking defaults for TS1/cmr/m/n on input line 25.
LaTeX Font Info:    ... okay on input line 25.
LaTeX Font Info:    Checking defaults for OMX/cmex/m/n on input line 25.
LaTeX Font Info:    ... okay on input line 25.
LaTeX Font Info:    Checking defaults for U/cmr/m/n on input line 25.
LaTeX Font Info:    ... okay on input line 25.
LaTeX Font Info:    Checking defaults for PD1/pdf/m/n on input line 25.
LaTeX Font Info:    ... okay on input line 25.
LaTeX Font Info:    Checking defaults for PU/pdf/m/n on input line 25.
LaTeX Font Info:    ... okay on input line 25.

(c:/texlive/2022/texmf-dist/tex/context/base/mkii/supp-pdf.mkii
[Loading MPS to PDF converter (version 2006.09.02).]
\scratchcounter=\count279
\scratchdimen=\dimen152
\scratchbox=\box51
\nofMPsegments=\count280
\nofMParguments=\count281
\everyMPshowfont=\toks18
\MPscratchCnt=\count282
\MPscratchDim=\dimen153
\MPnumerator=\count283
\makeMPintoPDFobject=\count284
\everyMPtoPDFconversion=\toks19
)
*geometry* driver: auto-detecting
*geometry* detected driver: pdftex
*geometry* verbose mode - [ preamble ] result:
* driver: pdftex
* paper: <default>
* layout: <same size as paper>
* layoutoffset:(h,v)=(0.0pt,0.0pt)
* bindingoffset: 28.45274pt
* modes: 
* h-part:(L,W,R)=(85.35826pt, 358.22021pt, 142.26378pt)
* v-part:(T,H,B)=(85.35826pt, 624.25346pt, 85.35826pt)
* \paperwidth=614.295pt
* \paperheight=794.96999pt
* \textwidth=358.22021pt
* \textheight=624.25346pt
* \oddsidemargin=41.54102pt
* \evensidemargin=13.08827pt
* \topmargin=-23.91173pt
* \headheight=12.0pt
* \headsep=25.0pt
* \topskip=10.0pt
* \footskip=30.0pt
* \marginparwidth=85.35826pt
* \marginparsep=14.22636pt
* \columnsep=28.45274pt
* \skip\footins=9.0pt plus 4.0pt minus 2.0pt
* \hoffset=0.0pt
* \voffset=0.0pt
* \mag=1000
* \@twocolumntrue
* \@twosidefalse
* \@mparswitchfalse
* \@reversemarginfalse
* (1in=72.27pt=25.4mm, 1cm=28.453pt)

Package hyperref Info: Link coloring OFF on input line 25.
(./document2.out) (./document2.out)
\@outlinefile=\write3
\openout3 = `document2.out'.

LaTeX Font Info:    External font `cmex10' loaded for size
(Font)              <12> on input line 27.
LaTeX Font Info:    External font `cmex10' loaded for size
(Font)              <8> on input line 27.
LaTeX Font Info:    External font `cmex10' loaded for size
(Font)              <6> on input line 27.
LaTeX Font Info:    External font `cmex10' loaded for size
(Font)              <7> on input line 29.
LaTeX Font Info:    External font `cmex10' loaded for size
(Font)              <5> on input line 29.
 (./document2.toc
Underfull \hbox (badness 10000) in paragraph at lines 5--5
 [][] [][]\OT1/cmr/m/n/10 Quote, quotation 
 []


Underfull \hbox (badness 10000) in paragraph at lines 6--6
 [][] [][]\OT1/cmr/m/n/10 This is a 
 []


Underfull \hbox (badness 10000) in paragraph at lines 7--7
 [][] [][]\OT1/cmr/m/n/10 This 
 []


Underfull \hbox (badness 10000) in paragraph at lines 7--7
 \OT1/cmr/m/n/10 is a 
 []


Overfull \hbox (6.11667pt too wide) in paragraph at lines 7--7
 \OT1/cmr/m/n/10 paragraph[] [][]  
 []


Overfull \hbox (30.1166pt too wide) in paragraph at lines 8--8
 [][] [][]\OT1/cmr/m/n/10 This 
 []


Overfull \hbox (17.33879pt too wide) in paragraph at lines 8--8
 \OT1/cmr/m/n/10 is 
 []


Overfull \hbox (15.61658pt too wide) in paragraph at lines 8--8
 \OT1/cmr/m/n/10 a 
 []


Overfull \hbox (60.17226pt too wide) in paragraph at lines 8--8
 \OT1/cmr/m/n/10 subparagraph[] [][]  
 []

)
\tf@toc=\write4
\openout4 = `document2.toc'.

 [1{c:/texlive/2022/texmf-var/fonts/map/pdftex/updmap/pdftex.map}


]
LaTeX Font Info:    External font `cmex10' loaded for size
(Font)              <14.4> on input line 34.

Underfull \hbox (badness 3668) in paragraph at lines 35--35
\OT1/cmr/m/n/10 sit amet, con-sec-
 []


Underfull \hbox (badness 10000) in paragraph at lines 35--35
\OT1/cmr/m/n/10 te-tuer adi-pi-scing
 []


Underfull \hbox (badness 5260) in paragraph at lines 35--35
\OT1/cmr/m/n/10 elit. Ut pu-rus
 []


Underfull \hbox (badness 10000) in paragraph at lines 35--35
\OT1/cmr/m/n/10 elit, ve-sti-bu-lum
 []


Underfull \hbox (badness 10000) in paragraph at lines 35--35
\OT1/cmr/m/n/10 ut, pla-ce-rat ac,
 []


Underfull \hbox (badness 10000) in paragraph at lines 35--35
\OT1/cmr/m/n/10 adi-pi-scing vi-tae,
 []


Underfull \hbox (badness 4467) in paragraph at lines 35--35
\OT1/cmr/m/n/10 fe-lis. Cu-ra-bi-tur
 []


Underfull \hbox (badness 10000) in paragraph at lines 35--35
\OT1/cmr/m/n/10 dic-tum gra-vida
 []


Underfull \hbox (badness 10000) in paragraph at lines 35--35
\OT1/cmr/m/n/10 li-bero, no-nummy
 []


Underfull \hbox (badness 4647) in paragraph at lines 35--35
\OT1/cmr/m/n/10 eget, con-sec-te-tuer
 []


Underfull \hbox (badness 10000) in paragraph at lines 35--35
\OT1/cmr/m/n/10 id, vul-pu-tate a,
 []


Underfull \hbox (badness 10000) in paragraph at lines 35--35
\OT1/cmr/m/n/10 ma-gna. Do-nec
 []


Underfull \hbox (badness 1173) in paragraph at lines 35--35
\OT1/cmr/m/n/10 ve-hi-cula au-gue eu
 []


Underfull \hbox (badness 10000) in paragraph at lines 35--35
\OT1/cmr/m/n/10 ne-que. Pel-len-
 []


Underfull \hbox (badness 10000) in paragraph at lines 35--35
\OT1/cmr/m/n/10 tes-que ha-bi-tant
 []


Underfull \hbox (badness 10000) in paragraph at lines 35--35
\OT1/cmr/m/n/10 morbi tri-sti-que
 []


Underfull \hbox (badness 3343) in paragraph at lines 35--35
\OT1/cmr/m/n/10 se-nec-tus et ne-tus
 []


Underfull \hbox (badness 2828) in paragraph at lines 35--35
\OT1/cmr/m/n/10 ac tur-pis ege-stas.
 []


Underfull \hbox (badness 10000) in paragraph at lines 35--35
\OT1/cmr/m/n/10 Mau-ris ut leo.
 []


Underfull \hbox (badness 3396) in paragraph at lines 35--35
\OT1/cmr/m/n/10 et lec-tus ve-sti-bu-
 []


Underfull \hbox (badness 1571) in paragraph at lines 35--35
\OT1/cmr/m/n/10 lum urna frin-gilla
 []


Underfull \hbox (badness 10000) in paragraph at lines 35--35
\OT1/cmr/m/n/10 tor-tor gra-vida
 []


Underfull \hbox (badness 1565) in paragraph at lines 35--35
\OT1/cmr/m/n/10 pla-ce-rat. In-te-ger
 []


Underfull \hbox (badness 1418) in paragraph at lines 35--35
\OT1/cmr/m/n/10 sa-pien est, ia-cu-lis
 []


Underfull \hbox (badness 3942) in paragraph at lines 35--35
\OT1/cmr/m/n/10 in, pre-tium quis,
 []


Underfull \hbox (badness 3713) in paragraph at lines 35--35
\OT1/cmr/m/n/10 vi-verra ac, nunc.
 []


Underfull \hbox (badness 10000) in paragraph at lines 35--35
\OT1/cmr/m/n/10 vel leo ul-tri-ces
 []


Underfull \hbox (badness 3168) in paragraph at lines 35--35
\OT1/cmr/m/n/10 fau-ci-bus. Morbi
 []


Underfull \hbox (badness 1117) in paragraph at lines 35--35
\OT1/cmr/m/n/10 do-lor nulla, ma-le-
 []


Underfull \hbox (badness 10000) in paragraph at lines 35--35
\OT1/cmr/m/n/10 Cu-ra-bi-tur auc-tor
 []


Underfull \hbox (badness 1205) in paragraph at lines 35--35
\OT1/cmr/m/n/10 ri-sus. Duis nibh
 []


Underfull \hbox (badness 10000) in paragraph at lines 35--35
\OT1/cmr/m/n/10 mi, con-gue eu,
 []


Underfull \hbox (badness 1292) in paragraph at lines 35--35
\OT1/cmr/m/n/10 ac-cu-m-san elei-fend,
 []


Underfull \hbox (badness 1038) in paragraph at lines 35--35
\OT1/cmr/m/n/10 Duis eget orci sit
 []


Underfull \hbox (badness 1796) in paragraph at lines 38--38
[]\OT1/cmr/m/n/10 Nulla ma-le-suada port-ti-tor diam.
 []


Underfull \hbox (badness 10000) in paragraph at lines 39--39
[]\OT1/cmr/bx/n/12 Quote, quotation
 []

[1]
Underfull \hbox (badness 1715) in paragraph at lines 47--47
[]\OT1/cmr/m/n/10 Lorem ip-sum do-lor sit
 []


Underfull \hbox (badness 6141) in paragraph at lines 47--47
\OT1/cmr/m/n/10 amet, con-sec-te-tuer adi-pi-
 []


Underfull \hbox (badness 3668) in paragraph at lines 51--51
\OT1/cmr/m/n/10 sit amet, con-sec-
 []


Underfull \hbox (badness 10000) in paragraph at lines 51--51
\OT1/cmr/m/n/10 te-tuer adi-pi-scing
 []


Underfull \hbox (badness 5260) in paragraph at lines 51--51
\OT1/cmr/m/n/10 elit. Ut pu-rus
 []


Underfull \hbox (badness 10000) in paragraph at lines 51--51
\OT1/cmr/m/n/10 elit, ve-sti-bu-lum
 []


Underfull \hbox (badness 10000) in paragraph at lines 51--51
\OT1/cmr/m/n/10 ut, pla-ce-rat ac,
 []


Underfull \hbox (badness 10000) in paragraph at lines 51--51
\OT1/cmr/m/n/10 adi-pi-scing vi-tae,
 []


Underfull \hbox (badness 4467) in paragraph at lines 51--51
\OT1/cmr/m/n/10 fe-lis. Cu-ra-bi-tur
 []


Underfull \hbox (badness 10000) in paragraph at lines 51--51
\OT1/cmr/m/n/10 dic-tum gra-vida
 []


Underfull \hbox (badness 10000) in paragraph at lines 51--51
\OT1/cmr/m/n/10 li-bero, no-nummy
 []


Underfull \hbox (badness 4647) in paragraph at lines 51--51
\OT1/cmr/m/n/10 eget, con-sec-te-tuer
 []


Underfull \hbox (badness 10000) in paragraph at lines 51--51
\OT1/cmr/m/n/10 id, vul-pu-tate a,
 []


Underfull \hbox (badness 10000) in paragraph at lines 51--51
\OT1/cmr/m/n/10 ma-gna. Do-nec
 []


Underfull \hbox (badness 1173) in paragraph at lines 51--51
\OT1/cmr/m/n/10 ve-hi-cula au-gue eu
 []


Underfull \hbox (badness 10000) in paragraph at lines 51--51
\OT1/cmr/m/n/10 ne-que. Pel-len-
 []


Underfull \hbox (badness 10000) in paragraph at lines 51--51
\OT1/cmr/m/n/10 tes-que ha-bi-tant
 []


Underfull \hbox (badness 10000) in paragraph at lines 51--51
\OT1/cmr/m/n/10 morbi tri-sti-que
 []


Underfull \hbox (badness 3343) in paragraph at lines 51--51
\OT1/cmr/m/n/10 se-nec-tus et ne-tus
 []


Underfull \hbox (badness 2828) in paragraph at lines 51--51
\OT1/cmr/m/n/10 ac tur-pis ege-stas.
 []


Underfull \hbox (badness 10000) in paragraph at lines 51--51
\OT1/cmr/m/n/10 Mau-ris ut leo.
 []


Underfull \hbox (badness 3396) in paragraph at lines 51--51
\OT1/cmr/m/n/10 et lec-tus ve-sti-bu-
 []


Underfull \hbox (badness 1571) in paragraph at lines 51--51
\OT1/cmr/m/n/10 lum urna frin-gilla
 []


Underfull \hbox (badness 10000) in paragraph at lines 51--51
\OT1/cmr/m/n/10 tor-tor gra-vida
 []


Underfull \hbox (badness 1565) in paragraph at lines 51--51
\OT1/cmr/m/n/10 pla-ce-rat. In-te-ger
 []


Underfull \hbox (badness 1418) in paragraph at lines 51--51
\OT1/cmr/m/n/10 sa-pien est, ia-cu-lis
 []


Underfull \hbox (badness 3942) in paragraph at lines 51--51
\OT1/cmr/m/n/10 in, pre-tium quis,
 []


Underfull \hbox (badness 3713) in paragraph at lines 51--51
\OT1/cmr/m/n/10 vi-verra ac, nunc.
 []


Underfull \hbox (badness 10000) in paragraph at lines 51--51
\OT1/cmr/m/n/10 vel leo ul-tri-ces
 []


Underfull \hbox (badness 3168) in paragraph at lines 51--51
\OT1/cmr/m/n/10 fau-ci-bus. Morbi
 []


Underfull \hbox (badness 1117) in paragraph at lines 51--51
\OT1/cmr/m/n/10 do-lor nulla, ma-le-
 []


Underfull \hbox (badness 10000) in paragraph at lines 51--51
\OT1/cmr/m/n/10 Cu-ra-bi-tur auc-tor
 []


Underfull \hbox (badness 1205) in paragraph at lines 51--51
\OT1/cmr/m/n/10 ri-sus. Duis nibh
 []


Underfull \hbox (badness 10000) in paragraph at lines 51--51
\OT1/cmr/m/n/10 mi, con-gue eu,
 []


Underfull \hbox (badness 1292) in paragraph at lines 51--51
\OT1/cmr/m/n/10 ac-cu-m-san elei-fend,
 []


Underfull \hbox (badness 1038) in paragraph at lines 51--51
\OT1/cmr/m/n/10 Duis eget orci sit
 []


Underfull \hbox (badness 10000) in paragraph at lines 52--52
 \OT1/cmr/bx/n/10 2.1.1.1.1 This is a
 []


Underfull \hbox (badness 10000) in paragraph at lines 54--54
\OT1/cmr/m/n/10 con-sec-te-tuer adi-pi-scing
 []


Underfull \hbox (badness 1264) in paragraph at lines 54--54
\OT1/cmr/m/n/10 bu-lum ut, pla-ce-rat ac,
 []


Underfull \hbox (badness 7576) in paragraph at lines 54--54
\OT1/cmr/m/n/10 adi-pi-scing vi-tae, fe-lis.
 []


Underfull \hbox (badness 4686) in paragraph at lines 54--54
\OT1/cmr/m/n/10 Cu-ra-bi-tur dic-tum gra-
 []


Underfull \hbox (badness 3333) in paragraph at lines 54--54
\OT1/cmr/m/n/10 li-bero, no-nummy eget,
 []


Underfull \hbox (badness 1939) in paragraph at lines 54--54
\OT1/cmr/m/n/10 con-sec-te-tuer id, vul-pu-
 []


Underfull \hbox (badness 10000) in paragraph at lines 54--54
\OT1/cmr/m/n/10 Pel-len-tes-que ha-bi-tant
 []


Underfull \hbox (badness 2293) in paragraph at lines 54--54
\OT1/cmr/m/n/10 et ne-tus et ma-le-suada
 []


Underfull \hbox (badness 2351) in paragraph at lines 54--54
\OT1/cmr/m/n/10 Mau-ris ut leo. Cras
 []


Underfull \hbox (badness 5578) in paragraph at lines 54--54
\OT1/cmr/m/n/10 vi-verra me-tus rhon-cus
 []


Underfull \hbox (badness 1902) in paragraph at lines 54--54
\OT1/cmr/m/n/10 sem. Nulla et lec-tus
 []


Underfull \hbox (badness 1590) in paragraph at lines 54--54
\OT1/cmr/m/n/10 ul-tri-ces. Pha-sel-lus eu
 []


Underfull \hbox (badness 5147) in paragraph at lines 54--54
\OT1/cmr/m/n/10 tel-lus sit amet tor-tor
 []


Underfull \hbox (badness 4416) in paragraph at lines 54--54
\OT1/cmr/m/n/10 sa-pien est, ia-cu-lis in,
 []


Underfull \hbox (badness 2653) in paragraph at lines 54--54
\OT1/cmr/m/n/10 do-lor nulla, ma-le-suada
 []


Underfull \hbox (badness 2671) in paragraph at lines 54--54
\OT1/cmr/m/n/10 sem-per nulla. Do-nec
 []


Underfull \hbox (badness 4013) in paragraph at lines 54--54
\OT1/cmr/m/n/10 va-rius orci eget ri-sus.
 []


Underfull \hbox (badness 2894) in paragraph at lines 54--54
\OT1/cmr/m/n/10 Duis nibh mi, con-gue
 []


Underfull \hbox (badness 3547) in paragraph at lines 54--54
\OT1/cmr/m/n/10 eu, ac-cu-m-san elei-fend,
 []

[2]
Underfull \hbox (badness 10000) in paragraph at lines 56--56
\OT1/cmr/m/n/10 con-sec-te-tuer adi-pi-scing
 []


Underfull \hbox (badness 1264) in paragraph at lines 56--56
\OT1/cmr/m/n/10 bu-lum ut, pla-ce-rat ac,
 []


Underfull \hbox (badness 7576) in paragraph at lines 56--56
\OT1/cmr/m/n/10 adi-pi-scing vi-tae, fe-lis.
 []


Underfull \hbox (badness 4686) in paragraph at lines 56--56
\OT1/cmr/m/n/10 Cu-ra-bi-tur dic-tum gra-
 []


Underfull \hbox (badness 3333) in paragraph at lines 56--56
\OT1/cmr/m/n/10 li-bero, no-nummy eget,
 []


Underfull \hbox (badness 1939) in paragraph at lines 56--56
\OT1/cmr/m/n/10 con-sec-te-tuer id, vul-pu-
 []


Underfull \hbox (badness 10000) in paragraph at lines 56--56
\OT1/cmr/m/n/10 Pel-len-tes-que ha-bi-tant
 []


Underfull \hbox (badness 2293) in paragraph at lines 56--56
\OT1/cmr/m/n/10 et ne-tus et ma-le-suada
 []


Underfull \hbox (badness 2351) in paragraph at lines 56--56
\OT1/cmr/m/n/10 Mau-ris ut leo. Cras
 []


Underfull \hbox (badness 5578) in paragraph at lines 56--56
\OT1/cmr/m/n/10 vi-verra me-tus rhon-cus
 []


Underfull \hbox (badness 1902) in paragraph at lines 56--56
\OT1/cmr/m/n/10 sem. Nulla et lec-tus
 []


Underfull \hbox (badness 1590) in paragraph at lines 56--56
\OT1/cmr/m/n/10 ul-tri-ces. Pha-sel-lus eu
 []


Underfull \hbox (badness 5147) in paragraph at lines 56--56
\OT1/cmr/m/n/10 tel-lus sit amet tor-tor
 []


Underfull \hbox (badness 4416) in paragraph at lines 56--56
\OT1/cmr/m/n/10 sa-pien est, ia-cu-lis in,
 []


Underfull \hbox (badness 2653) in paragraph at lines 56--56
\OT1/cmr/m/n/10 do-lor nulla, ma-le-suada
 []


Underfull \hbox (badness 2671) in paragraph at lines 56--56
\OT1/cmr/m/n/10 sem-per nulla. Do-nec
 []


Underfull \hbox (badness 4013) in paragraph at lines 56--56
\OT1/cmr/m/n/10 va-rius orci eget ri-sus.
 []


Underfull \hbox (badness 2894) in paragraph at lines 56--56
\OT1/cmr/m/n/10 Duis nibh mi, con-gue
 []


Underfull \hbox (badness 3547) in paragraph at lines 56--56
\OT1/cmr/m/n/10 eu, ac-cu-m-san elei-fend,
 []

[3] [4] (./document2.aux)
Package rerunfilecheck Info: File `document2.out' has not changed.
(rerunfilecheck)             Checksum: A4CD21FA10B639BF9289C9579CF2C8A9;2113.
 ) 
Here is how much of TeX's memory you used:
 10308 strings out of 478300
 165122 string characters out of 5849123
 582881 words of memory out of 5000000
 28360 multiletter control sequences out of 15000+600000
 475496 words of font info for 48 fonts, out of 8000000 for 9000
 1141 hyphenation exceptions out of 8191
 72i,9n,77p,249b,477s stack positions out of 10000i,1000n,20000p,200000b,200000s
{c:/texlive/2022/texmf-dist/fonts/enc/dvips/cm-super/cm-super-ts1.enc}<c:/tex
live/2022/texmf-dist/fonts/type1/public/amsfonts/cm/cmbx10.pfb><c:/texlive/2022
/texmf-dist/fonts/type1/public/amsfonts/cm/cmbx12.pfb><c:/texlive/2022/texmf-di
st/fonts/type1/public/amsfonts/cm/cmr10.pfb><c:/texlive/2022/texmf-dist/fonts/t
ype1/public/amsfonts/cm/cmr12.pfb><c:/texlive/2022/texmf-dist/fonts/type1/publi
c/amsfonts/cm/cmr17.pfb><c:/texlive/2022/texmf-dist/fonts/type1/public/amsfonts
/cm/cmr8.pfb><c:/texlive/2022/texmf-dist/fonts/type1/public/amsfonts/cm/cmsl10.
pfb><c:/texlive/2022/texmf-dist/fonts/type1/public/cm-super/sfrm0600.pfb><c:/te
xlive/2022/texmf-dist/fonts/type1/public/cm-super/sfrm0700.pfb><c:/texlive/2022
/texmf-dist/fonts/type1/public/cm-super/sfrm1000.pfb>
Output written on document2.pdf (5 pages, 138209 bytes).
PDF statistics:
 169 PDF objects out of 1000 (max. 8388607)
 140 compressed objects within 2 object streams
 24 named destinations out of 1000 (max. 500000)
 113 words of extra memory for PDF output out of 10000 (max. 10000000)

