This is pdfTeX, Version 3.141592653-2.6-1.40.24 (TeX Live 2022) (preloaded format=pdflatex 2022.5.27)  6 SEP 2022 13:33
entering extended mode
 restricted \write18 enabled.
 %&-line parsing enabled.
**book.tex
(./book.tex
LaTeX2e <2021-11-15> patch level 1
L3 programming layer <2022-05-04>
(c:/texlive/2022/texmf-dist/tex/latex/base/book.cls
Document Class: book 2021/10/04 v1.4n Standard LaTeX document class
(c:/texlive/2022/texmf-dist/tex/latex/base/bk10.clo
File: bk10.clo 2021/10/04 v1.4n Standard LaTeX file (size option)
)
\c@part=\count185
\c@chapter=\count186
\c@section=\count187
\c@subsection=\count188
\c@subsubsection=\count189
\c@paragraph=\count190
\c@subparagraph=\count191
\c@figure=\count192
\c@table=\count193
\abovecaptionskip=\skip47
\belowcaptionskip=\skip48
\bibindent=\dimen138
)
(c:/texlive/2022/texmf-dist/tex/latex/l3backend/l3backend-pdftex.def
File: l3backend-pdftex.def 2022-04-20 L3 backend support: PDF output (pdfTeX)
\l__color_backend_stack_int=\count194
\l__pdf_internal_box=\box50
)
(./book.aux)
\openout1 = `book.aux'.

LaTeX Font Info:    Checking defaults for OML/cmm/m/it on input line 3.
LaTeX Font Info:    ... okay on input line 3.
LaTeX Font Info:    Checking defaults for OMS/cmsy/m/n on input line 3.
LaTeX Font Info:    ... okay on input line 3.
LaTeX Font Info:    Checking defaults for OT1/cmr/m/n on input line 3.
LaTeX Font Info:    ... okay on input line 3.
LaTeX Font Info:    Checking defaults for T1/cmr/m/n on input line 3.
LaTeX Font Info:    ... okay on input line 3.
LaTeX Font Info:    Checking defaults for TS1/cmr/m/n on input line 3.
LaTeX Font Info:    ... okay on input line 3.
LaTeX Font Info:    Checking defaults for OMX/cmex/m/n on input line 3.
LaTeX Font Info:    ... okay on input line 3.
LaTeX Font Info:    Checking defaults for U/cmr/m/n on input line 3.
LaTeX Font Info:    ... okay on input line 3.
LaTeX Font Info:    External font `cmex10' loaded for size
(Font)              <24.88> on input line 6.
LaTeX Font Info:    External font `cmex10' loaded for size
(Font)              <20.74> on input line 6.
LaTeX Font Info:    External font `cmex10' loaded for size
(Font)              <17.28> on input line 6.
 [1


{c:/texlive/2022/texmf-var/fonts/map/pdftex/updmap/pdftex.map}]
(./book.aux) ) 
Here is how much of TeX's memory you used:
 464 strings out of 478300
 8509 string characters out of 5849123
 298831 words of memory out of 5000000
 18720 multiletter control sequences out of 15000+600000
 473309 words of font info for 41 fonts, out of 8000000 for 9000
 1141 hyphenation exceptions out of 8191
 34i,5n,38p,125b,203s stack positions out of 10000i,1000n,20000p,200000b,200000s
<c:/texlive/2022/texmf-dist/fonts/type1/public/amsfonts/cm/cmbx12
.pfb><c:/texlive/2022/texmf-dist/fonts/type1/public/amsfonts/cm/cmr17.pfb><c:/t
exlive/2022/texmf-dist/fonts/type1/public/amsfonts/cm/cmti12.pfb>
Output written on book.pdf (1 page, 34731 bytes).
PDF statistics:
 23 PDF objects out of 1000 (max. 8388607)
 13 compressed objects within 1 object stream
 0 named destinations out of 1000 (max. 500000)
 1 words of extra memory for PDF output out of 10000 (max. 10000000)

